[0.183s] DEBUG:colcon:Command line arguments: ['/usr/bin/colcon', 'build']
[0.184s] DEBUG:colcon:Parsed command line arguments: Namespace(log_base=None, log_level=None, verb_name='build', build_base='build', install_base='install', merge_install=False, symlink_install=False, test_result_base=None, continue_on_error=False, executor='parallel', parallel_workers=8, event_handlers=None, ignore_user_meta=False, metas=['./colcon.meta'], base_paths=['.'], packages_ignore=None, packages_ignore_regex=None, paths=None, packages_up_to=None, packages_up_to_regex=None, packages_above=None, packages_above_and_dependencies=None, packages_above_depth=None, packages_select_by_dep=None, packages_skip_by_dep=None, packages_skip_up_to=None, packages_select_build_failed=False, packages_skip_build_finished=False, packages_select_test_failures=False, packages_skip_test_passed=False, packages_select=None, packages_skip=None, packages_select_regex=None, packages_skip_regex=None, packages_start=None, packages_end=None, allow_overriding=[], cmake_args=None, cmake_target=None, cmake_target_skip_unavailable=False, cmake_clean_cache=False, cmake_clean_first=False, cmake_force_configure=False, ament_cmake_args=None, catkin_cmake_args=None, catkin_skip_building_tests=False, mixin_files=None, mixin=None, verb_parser=<colcon_mixin.mixin.mixin_argument.MixinArgumentDecorator object at 0xffff9cfcaec0>, verb_extension=<colcon_core.verb.build.BuildVerb object at 0xffff9cfca830>, main=<bound method BuildVerb.main of <colcon_core.verb.build.BuildVerb object at 0xffff9cfca830>>, mixin_verb=('build',))
[0.492s] Level 1:colcon.colcon_core.package_discovery:discover_packages(colcon_meta) check parameters
[0.492s] Level 1:colcon.colcon_core.package_discovery:discover_packages(recursive) check parameters
[0.493s] Level 1:colcon.colcon_core.package_discovery:discover_packages(ignore) check parameters
[0.493s] Level 1:colcon.colcon_core.package_discovery:discover_packages(path) check parameters
[0.493s] Level 1:colcon.colcon_core.package_discovery:discover_packages(colcon_meta) discover
[0.493s] Level 1:colcon.colcon_core.package_discovery:discover_packages(recursive) discover
[0.493s] INFO:colcon.colcon_core.package_discovery:Crawling recursively for packages in '/home/naiscorpjetsonorinnx/Desktop/robot_app'
[0.493s] Level 1:colcon.colcon_core.package_identification:_identify(.) by extensions ['ignore', 'ignore_ament_install']
[0.493s] Level 1:colcon.colcon_core.package_identification:_identify(.) by extension 'ignore'
[0.493s] Level 1:colcon.colcon_core.package_identification:_identify(.) by extension 'ignore_ament_install'
[0.493s] Level 1:colcon.colcon_core.package_identification:_identify(.) by extensions ['colcon_pkg']
[0.494s] Level 1:colcon.colcon_core.package_identification:_identify(.) by extension 'colcon_pkg'
[0.494s] Level 1:colcon.colcon_core.package_identification:_identify(.) by extensions ['colcon_meta']
[0.494s] Level 1:colcon.colcon_core.package_identification:_identify(.) by extension 'colcon_meta'
[0.494s] Level 1:colcon.colcon_core.package_identification:_identify(.) by extensions ['ros']
[0.494s] Level 1:colcon.colcon_core.package_identification:_identify(.) by extension 'ros'
[0.515s] DEBUG:colcon.colcon_core.package_identification:Package '.' with type 'ros.ament_cmake' and name 'robot_app'
[0.516s] Level 1:colcon.colcon_core.package_discovery:discover_packages(recursive) using defaults
[0.516s] Level 1:colcon.colcon_core.package_discovery:discover_packages(ignore) discover
[0.516s] Level 1:colcon.colcon_core.package_discovery:discover_packages(ignore) using defaults
[0.516s] Level 1:colcon.colcon_core.package_discovery:discover_packages(path) discover
[0.516s] Level 1:colcon.colcon_core.package_discovery:discover_packages(path) using defaults
[0.575s] Level 1:colcon.colcon_core.package_discovery:discover_packages(prefix_path) check parameters
[0.575s] Level 1:colcon.colcon_core.package_discovery:discover_packages(prefix_path) discover
[0.580s] DEBUG:colcon.colcon_installed_package_information.package_discovery:Found 384 installed packages in /opt/ros/humble
[0.582s] Level 1:colcon.colcon_core.package_discovery:discover_packages(prefix_path) using defaults
[0.657s] Level 5:colcon.colcon_core.verb:set package 'robot_app' build argument 'cmake_args' from command line to 'None'
[0.657s] Level 5:colcon.colcon_core.verb:set package 'robot_app' build argument 'cmake_target' from command line to 'None'
[0.657s] Level 5:colcon.colcon_core.verb:set package 'robot_app' build argument 'cmake_target_skip_unavailable' from command line to 'False'
[0.657s] Level 5:colcon.colcon_core.verb:set package 'robot_app' build argument 'cmake_clean_cache' from command line to 'False'
[0.657s] Level 5:colcon.colcon_core.verb:set package 'robot_app' build argument 'cmake_clean_first' from command line to 'False'
[0.658s] Level 5:colcon.colcon_core.verb:set package 'robot_app' build argument 'cmake_force_configure' from command line to 'False'
[0.658s] Level 5:colcon.colcon_core.verb:set package 'robot_app' build argument 'ament_cmake_args' from command line to 'None'
[0.658s] Level 5:colcon.colcon_core.verb:set package 'robot_app' build argument 'catkin_cmake_args' from command line to 'None'
[0.658s] Level 5:colcon.colcon_core.verb:set package 'robot_app' build argument 'catkin_skip_building_tests' from command line to 'False'
[0.658s] DEBUG:colcon.colcon_core.verb:Building package 'robot_app' with the following arguments: {'ament_cmake_args': None, 'build_base': '/home/naiscorpjetsonorinnx/Desktop/robot_app/build/robot_app', 'catkin_cmake_args': None, 'catkin_skip_building_tests': False, 'cmake_args': None, 'cmake_clean_cache': False, 'cmake_clean_first': False, 'cmake_force_configure': False, 'cmake_target': None, 'cmake_target_skip_unavailable': False, 'install_base': '/home/naiscorpjetsonorinnx/Desktop/robot_app/install/robot_app', 'merge_install': False, 'path': '/home/naiscorpjetsonorinnx/Desktop/robot_app', 'symlink_install': False, 'test_result_base': None}
[0.658s] INFO:colcon.colcon_core.executor:Executing jobs using 'parallel' executor
[0.660s] DEBUG:colcon.colcon_parallel_executor.executor.parallel:run_until_complete
[0.661s] INFO:colcon.colcon_ros.task.ament_cmake.build:Building ROS package in '/home/naiscorpjetsonorinnx/Desktop/robot_app' with build type 'ament_cmake'
[0.661s] INFO:colcon.colcon_cmake.task.cmake.build:Building CMake package in '/home/naiscorpjetsonorinnx/Desktop/robot_app'
[0.664s] INFO:colcon.colcon_core.plugin_system:Skipping extension 'colcon_core.shell.bat': Not used on non-Windows systems
[0.664s] INFO:colcon.colcon_core.shell:Skip shell extension 'powershell' for command environment: Not usable outside of PowerShell
[0.664s] DEBUG:colcon.colcon_core.shell:Skip shell extension 'dsv' for command environment
[0.679s] DEBUG:colcon.colcon_core.event_handler.log_command:Invoking command in '/home/naiscorpjetsonorinnx/Desktop/robot_app/build/robot_app': CMAKE_PREFIX_PATH=/opt/ros/humble /usr/bin/cmake /home/naiscorpjetsonorinnx/Desktop/robot_app -DCMAKE_INSTALL_PREFIX=/home/naiscorpjetsonorinnx/Desktop/robot_app/install/robot_app
[3.570s] DEBUG:colcon.colcon_core.event_handler.log_command:Invoked command in '/home/naiscorpjetsonorinnx/Desktop/robot_app/build/robot_app' returned '0': CMAKE_PREFIX_PATH=/opt/ros/humble /usr/bin/cmake /home/naiscorpjetsonorinnx/Desktop/robot_app -DCMAKE_INSTALL_PREFIX=/home/naiscorpjetsonorinnx/Desktop/robot_app/install/robot_app
[3.575s] DEBUG:colcon.colcon_core.event_handler.log_command:Invoking command in '/home/naiscorpjetsonorinnx/Desktop/robot_app/build/robot_app': CMAKE_PREFIX_PATH=/opt/ros/humble /usr/bin/cmake --build /home/naiscorpjetsonorinnx/Desktop/robot_app/build/robot_app -- -j8 -l8
[55.973s] DEBUG:colcon.colcon_core.event_handler.log_command:Invoked command in '/home/naiscorpjetsonorinnx/Desktop/robot_app/build/robot_app' returned '2': CMAKE_PREFIX_PATH=/opt/ros/humble /usr/bin/cmake --build /home/naiscorpjetsonorinnx/Desktop/robot_app/build/robot_app -- -j8 -l8
[55.975s] Level 1:colcon.colcon_core.environment:create_environment_scripts_only(robot_app)
[55.984s] Level 1:colcon.colcon_core.environment:checking '/home/naiscorpjetsonorinnx/Desktop/robot_app/install/robot_app' for CMake module files
[55.985s] Level 1:colcon.colcon_core.environment:checking '/home/naiscorpjetsonorinnx/Desktop/robot_app/install/robot_app' for CMake config files
[55.986s] Level 1:colcon.colcon_core.environment:checking '/home/naiscorpjetsonorinnx/Desktop/robot_app/install/robot_app/bin'
[55.986s] Level 1:colcon.colcon_core.environment:checking '/home/naiscorpjetsonorinnx/Desktop/robot_app/install/robot_app/lib/pkgconfig/robot_app.pc'
[55.986s] Level 1:colcon.colcon_core.environment:checking '/home/naiscorpjetsonorinnx/Desktop/robot_app/install/robot_app/lib/python3.10/site-packages'
[55.986s] Level 1:colcon.colcon_core.environment:checking '/home/naiscorpjetsonorinnx/Desktop/robot_app/install/robot_app/bin'
[55.987s] INFO:colcon.colcon_core.shell:Creating package script '/home/naiscorpjetsonorinnx/Desktop/robot_app/install/robot_app/share/robot_app/package.ps1'
[55.990s] INFO:colcon.colcon_core.shell:Creating package descriptor '/home/naiscorpjetsonorinnx/Desktop/robot_app/install/robot_app/share/robot_app/package.dsv'
[55.991s] INFO:colcon.colcon_core.shell:Creating package script '/home/naiscorpjetsonorinnx/Desktop/robot_app/install/robot_app/share/robot_app/package.sh'
[55.994s] INFO:colcon.colcon_core.shell:Creating package script '/home/naiscorpjetsonorinnx/Desktop/robot_app/install/robot_app/share/robot_app/package.bash'
[55.997s] INFO:colcon.colcon_core.shell:Creating package script '/home/naiscorpjetsonorinnx/Desktop/robot_app/install/robot_app/share/robot_app/package.zsh'
[56.000s] Level 1:colcon.colcon_core.environment:create_file_with_runtime_dependencies(/home/naiscorpjetsonorinnx/Desktop/robot_app/install/robot_app/share/colcon-core/packages/robot_app)
[56.012s] DEBUG:colcon.colcon_parallel_executor.executor.parallel:closing loop
[56.012s] DEBUG:colcon.colcon_parallel_executor.executor.parallel:loop closed
[56.013s] DEBUG:colcon.colcon_parallel_executor.executor.parallel:run_until_complete finished with '2'
[56.013s] DEBUG:colcon.colcon_core.event_reactor:joining thread
[56.031s] INFO:colcon.colcon_core.plugin_system:Skipping extension 'colcon_notification.desktop_notification.terminal_notifier': Not used on non-Darwin systems
[56.031s] INFO:colcon.colcon_core.plugin_system:Skipping extension 'colcon_notification.desktop_notification.win32': Not used on non-Windows systems
[56.031s] INFO:colcon.colcon_notification.desktop_notification:Sending desktop notification using 'notify2'
[56.078s] DEBUG:colcon.colcon_core.event_reactor:joined thread
[56.079s] INFO:colcon.colcon_core.shell:Creating prefix script '/home/naiscorpjetsonorinnx/Desktop/robot_app/install/local_setup.ps1'
[56.083s] INFO:colcon.colcon_core.shell:Creating prefix util module '/home/naiscorpjetsonorinnx/Desktop/robot_app/install/_local_setup_util_ps1.py'
[56.087s] INFO:colcon.colcon_core.shell:Creating prefix chain script '/home/naiscorpjetsonorinnx/Desktop/robot_app/install/setup.ps1'
[56.090s] INFO:colcon.colcon_core.shell:Creating prefix script '/home/naiscorpjetsonorinnx/Desktop/robot_app/install/local_setup.sh'
[56.092s] INFO:colcon.colcon_core.shell:Creating prefix util module '/home/naiscorpjetsonorinnx/Desktop/robot_app/install/_local_setup_util_sh.py'
[56.093s] INFO:colcon.colcon_core.shell:Creating prefix chain script '/home/naiscorpjetsonorinnx/Desktop/robot_app/install/setup.sh'
[56.095s] INFO:colcon.colcon_core.shell:Creating prefix script '/home/naiscorpjetsonorinnx/Desktop/robot_app/install/local_setup.bash'
[56.097s] INFO:colcon.colcon_core.shell:Creating prefix chain script '/home/naiscorpjetsonorinnx/Desktop/robot_app/install/setup.bash'
[56.100s] INFO:colcon.colcon_core.shell:Creating prefix script '/home/naiscorpjetsonorinnx/Desktop/robot_app/install/local_setup.zsh'
[56.102s] INFO:colcon.colcon_core.shell:Creating prefix chain script '/home/naiscorpjetsonorinnx/Desktop/robot_app/install/setup.zsh'
