[0.017s] Invoking command in '/home/naiscorpjetsonorinnx/Desktop/robot_app/build/robot_app': CMAKE_PREFIX_PATH=${CMAKE_PREFIX_PATH}:/opt/ros/humble /usr/bin/cmake --build /home/naiscorpjetsonorinnx/Desktop/robot_app/build/robot_app -- -j8 -l8
[0.121s] [  8%] [34m[1mAutomatic MOC for target robot_app[0m
[0.174s] [  8%] Built target robot_app_autogen
[0.210s] [ 16%] [34m[1mAutomatic RCC for forms/resources.qrc[0m
[1.646s] [35m[1mConsolidate compiler generated dependencies of target robot_app[0m
[1.720s] [ 25%] [32mBuilding CXX object CMakeFiles/robot_app.dir/robot_app_autogen/QM7UNKGVG2/qrc_resources.cpp.o[0m
[62.842s] [ 33%] [32m[1mLinking CXX executable robot_app[0m
[68.881s] [100%] Built target robot_app
[68.908s] Invoked command in '/home/naiscorpjetsonorinnx/Desktop/robot_app/build/robot_app' returned '0': CMAKE_PREFIX_PATH=${CMAKE_PREFIX_PATH}:/opt/ros/humble /usr/bin/cmake --build /home/naiscorpjetsonorinnx/Desktop/robot_app/build/robot_app -- -j8 -l8
[68.929s] Invoking command in '/home/naiscorpjetsonorinnx/Desktop/robot_app/build/robot_app': CMAKE_PREFIX_PATH=${CMAKE_PREFIX_PATH}:/opt/ros/humble /usr/bin/cmake --install /home/naiscorpjetsonorinnx/Desktop/robot_app/build/robot_app
[68.943s] -- Install configuration: ""
[68.943s] -- Installing: /home/naiscorpjetsonorinnx/Desktop/robot_app/install/robot_app/lib/robot_app/robot_app
[68.985s] -- Set runtime path of "/home/naiscorpjetsonorinnx/Desktop/robot_app/install/robot_app/lib/robot_app/robot_app" to ""
[68.986s] -- Up-to-date: /home/naiscorpjetsonorinnx/Desktop/robot_app/install/robot_app/share/robot_app/launch
[68.986s] -- Up-to-date: /home/naiscorpjetsonorinnx/Desktop/robot_app/install/robot_app/share/robot_app/launch/robot_face_app.launch.py
[68.986s] -- Up-to-date: /home/naiscorpjetsonorinnx/Desktop/robot_app/install/robot_app/share/robot_app/launch/integrated_map_system.launch.py
[68.986s] -- Up-to-date: /home/naiscorpjetsonorinnx/Desktop/robot_app/install/robot_app/share/ament_index/resource_index/package_run_dependencies/robot_app
[68.986s] -- Up-to-date: /home/naiscorpjetsonorinnx/Desktop/robot_app/install/robot_app/share/ament_index/resource_index/parent_prefix_path/robot_app
[68.987s] -- Up-to-date: /home/naiscorpjetsonorinnx/Desktop/robot_app/install/robot_app/share/robot_app/environment/ament_prefix_path.sh
[68.987s] -- Up-to-date: /home/naiscorpjetsonorinnx/Desktop/robot_app/install/robot_app/share/robot_app/environment/ament_prefix_path.dsv
[68.987s] -- Up-to-date: /home/naiscorpjetsonorinnx/Desktop/robot_app/install/robot_app/share/robot_app/environment/path.sh
[68.987s] -- Up-to-date: /home/naiscorpjetsonorinnx/Desktop/robot_app/install/robot_app/share/robot_app/environment/path.dsv
[68.987s] -- Up-to-date: /home/naiscorpjetsonorinnx/Desktop/robot_app/install/robot_app/share/robot_app/local_setup.bash
[68.987s] -- Up-to-date: /home/naiscorpjetsonorinnx/Desktop/robot_app/install/robot_app/share/robot_app/local_setup.sh
[68.988s] -- Up-to-date: /home/naiscorpjetsonorinnx/Desktop/robot_app/install/robot_app/share/robot_app/local_setup.zsh
[68.988s] -- Up-to-date: /home/naiscorpjetsonorinnx/Desktop/robot_app/install/robot_app/share/robot_app/local_setup.dsv
[68.989s] -- Installing: /home/naiscorpjetsonorinnx/Desktop/robot_app/install/robot_app/share/robot_app/package.dsv
[68.989s] -- Up-to-date: /home/naiscorpjetsonorinnx/Desktop/robot_app/install/robot_app/share/ament_index/resource_index/packages/robot_app
[68.989s] -- Up-to-date: /home/naiscorpjetsonorinnx/Desktop/robot_app/install/robot_app/share/robot_app/cmake/robot_appConfig.cmake
[68.993s] -- Up-to-date: /home/naiscorpjetsonorinnx/Desktop/robot_app/install/robot_app/share/robot_app/cmake/robot_appConfig-version.cmake
[68.993s] -- Up-to-date: /home/naiscorpjetsonorinnx/Desktop/robot_app/install/robot_app/share/robot_app/package.xml
[68.994s] Invoked command in '/home/naiscorpjetsonorinnx/Desktop/robot_app/build/robot_app' returned '0': CMAKE_PREFIX_PATH=${CMAKE_PREFIX_PATH}:/opt/ros/humble /usr/bin/cmake --install /home/naiscorpjetsonorinnx/Desktop/robot_app/build/robot_app
