[0.202s] DEBUG:colcon:Command line arguments: ['/usr/bin/colcon', 'build']
[0.202s] DEBUG:colcon:Parsed command line arguments: Namespace(log_base=None, log_level=None, verb_name='build', build_base='build', install_base='install', merge_install=False, symlink_install=False, test_result_base=None, continue_on_error=False, executor='parallel', parallel_workers=8, event_handlers=None, ignore_user_meta=False, metas=['./colcon.meta'], base_paths=['.'], packages_ignore=None, packages_ignore_regex=None, paths=None, packages_up_to=None, packages_up_to_regex=None, packages_above=None, packages_above_and_dependencies=None, packages_above_depth=None, packages_select_by_dep=None, packages_skip_by_dep=None, packages_skip_up_to=None, packages_select_build_failed=False, packages_skip_build_finished=False, packages_select_test_failures=False, packages_skip_test_passed=False, packages_select=None, packages_skip=None, packages_select_regex=None, packages_skip_regex=None, packages_start=None, packages_end=None, allow_overriding=[], cmake_args=None, cmake_target=None, cmake_target_skip_unavailable=False, cmake_clean_cache=False, cmake_clean_first=False, cmake_force_configure=False, ament_cmake_args=None, catkin_cmake_args=None, catkin_skip_building_tests=False, mixin_files=None, mixin=None, verb_parser=<colcon_mixin.mixin.mixin_argument.MixinArgumentDecorator object at 0xffffb53eaec0>, verb_extension=<colcon_core.verb.build.BuildVerb object at 0xffffb53ea830>, main=<bound method BuildVerb.main of <colcon_core.verb.build.BuildVerb object at 0xffffb53ea830>>, mixin_verb=('build',))
[0.530s] Level 1:colcon.colcon_core.package_discovery:discover_packages(colcon_meta) check parameters
[0.530s] Level 1:colcon.colcon_core.package_discovery:discover_packages(recursive) check parameters
[0.530s] Level 1:colcon.colcon_core.package_discovery:discover_packages(ignore) check parameters
[0.530s] Level 1:colcon.colcon_core.package_discovery:discover_packages(path) check parameters
[0.530s] Level 1:colcon.colcon_core.package_discovery:discover_packages(colcon_meta) discover
[0.531s] Level 1:colcon.colcon_core.package_discovery:discover_packages(recursive) discover
[0.531s] INFO:colcon.colcon_core.package_discovery:Crawling recursively for packages in '/home/naiscorpjetsonorinnx/Desktop/robot_app'
[0.531s] Level 1:colcon.colcon_core.package_identification:_identify(.) by extensions ['ignore', 'ignore_ament_install']
[0.531s] Level 1:colcon.colcon_core.package_identification:_identify(.) by extension 'ignore'
[0.531s] Level 1:colcon.colcon_core.package_identification:_identify(.) by extension 'ignore_ament_install'
[0.531s] Level 1:colcon.colcon_core.package_identification:_identify(.) by extensions ['colcon_pkg']
[0.531s] Level 1:colcon.colcon_core.package_identification:_identify(.) by extension 'colcon_pkg'
[0.531s] Level 1:colcon.colcon_core.package_identification:_identify(.) by extensions ['colcon_meta']
[0.532s] Level 1:colcon.colcon_core.package_identification:_identify(.) by extension 'colcon_meta'
[0.532s] Level 1:colcon.colcon_core.package_identification:_identify(.) by extensions ['ros']
[0.532s] Level 1:colcon.colcon_core.package_identification:_identify(.) by extension 'ros'
[0.556s] DEBUG:colcon.colcon_core.package_identification:Package '.' with type 'ros.ament_cmake' and name 'robot_app'
[0.556s] Level 1:colcon.colcon_core.package_discovery:discover_packages(recursive) using defaults
[0.556s] Level 1:colcon.colcon_core.package_discovery:discover_packages(ignore) discover
[0.556s] Level 1:colcon.colcon_core.package_discovery:discover_packages(ignore) using defaults
[0.556s] Level 1:colcon.colcon_core.package_discovery:discover_packages(path) discover
[0.556s] Level 1:colcon.colcon_core.package_discovery:discover_packages(path) using defaults
[0.622s] Level 1:colcon.colcon_core.package_discovery:discover_packages(prefix_path) check parameters
[0.623s] Level 1:colcon.colcon_core.package_discovery:discover_packages(prefix_path) discover
[0.626s] DEBUG:colcon.colcon_installed_package_information.package_discovery:Found 1 installed packages in /home/naiscorpjetsonorinnx/Desktop/robot_app/install
[0.629s] DEBUG:colcon.colcon_installed_package_information.package_discovery:Found 384 installed packages in /opt/ros/humble
[0.631s] Level 1:colcon.colcon_core.package_discovery:discover_packages(prefix_path) using defaults
[0.710s] Level 5:colcon.colcon_core.verb:set package 'robot_app' build argument 'cmake_args' from command line to 'None'
[0.710s] Level 5:colcon.colcon_core.verb:set package 'robot_app' build argument 'cmake_target' from command line to 'None'
[0.710s] Level 5:colcon.colcon_core.verb:set package 'robot_app' build argument 'cmake_target_skip_unavailable' from command line to 'False'
[0.710s] Level 5:colcon.colcon_core.verb:set package 'robot_app' build argument 'cmake_clean_cache' from command line to 'False'
[0.710s] Level 5:colcon.colcon_core.verb:set package 'robot_app' build argument 'cmake_clean_first' from command line to 'False'
[0.710s] Level 5:colcon.colcon_core.verb:set package 'robot_app' build argument 'cmake_force_configure' from command line to 'False'
[0.710s] Level 5:colcon.colcon_core.verb:set package 'robot_app' build argument 'ament_cmake_args' from command line to 'None'
[0.710s] Level 5:colcon.colcon_core.verb:set package 'robot_app' build argument 'catkin_cmake_args' from command line to 'None'
[0.710s] Level 5:colcon.colcon_core.verb:set package 'robot_app' build argument 'catkin_skip_building_tests' from command line to 'False'
[0.710s] DEBUG:colcon.colcon_core.verb:Building package 'robot_app' with the following arguments: {'ament_cmake_args': None, 'build_base': '/home/naiscorpjetsonorinnx/Desktop/robot_app/build/robot_app', 'catkin_cmake_args': None, 'catkin_skip_building_tests': False, 'cmake_args': None, 'cmake_clean_cache': False, 'cmake_clean_first': False, 'cmake_force_configure': False, 'cmake_target': None, 'cmake_target_skip_unavailable': False, 'install_base': '/home/naiscorpjetsonorinnx/Desktop/robot_app/install/robot_app', 'merge_install': False, 'path': '/home/naiscorpjetsonorinnx/Desktop/robot_app', 'symlink_install': False, 'test_result_base': None}
[0.711s] INFO:colcon.colcon_core.executor:Executing jobs using 'parallel' executor
[0.713s] DEBUG:colcon.colcon_parallel_executor.executor.parallel:run_until_complete
[0.713s] INFO:colcon.colcon_ros.task.ament_cmake.build:Building ROS package in '/home/naiscorpjetsonorinnx/Desktop/robot_app' with build type 'ament_cmake'
[0.714s] INFO:colcon.colcon_cmake.task.cmake.build:Building CMake package in '/home/naiscorpjetsonorinnx/Desktop/robot_app'
[0.717s] INFO:colcon.colcon_core.plugin_system:Skipping extension 'colcon_core.shell.bat': Not used on non-Windows systems
[0.718s] INFO:colcon.colcon_core.shell:Skip shell extension 'powershell' for command environment: Not usable outside of PowerShell
[0.718s] DEBUG:colcon.colcon_core.shell:Skip shell extension 'dsv' for command environment
[0.736s] DEBUG:colcon.colcon_core.event_handler.log_command:Invoking command in '/home/naiscorpjetsonorinnx/Desktop/robot_app/build/robot_app': CMAKE_PREFIX_PATH=${CMAKE_PREFIX_PATH}:/opt/ros/humble /usr/bin/cmake --build /home/naiscorpjetsonorinnx/Desktop/robot_app/build/robot_app -- -j8 -l8
[56.869s] DEBUG:colcon.colcon_core.event_handler.log_command:Invoked command in '/home/naiscorpjetsonorinnx/Desktop/robot_app/build/robot_app' returned '0': CMAKE_PREFIX_PATH=${CMAKE_PREFIX_PATH}:/opt/ros/humble /usr/bin/cmake --build /home/naiscorpjetsonorinnx/Desktop/robot_app/build/robot_app -- -j8 -l8
[56.893s] DEBUG:colcon.colcon_core.event_handler.log_command:Invoking command in '/home/naiscorpjetsonorinnx/Desktop/robot_app/build/robot_app': CMAKE_PREFIX_PATH=${CMAKE_PREFIX_PATH}:/opt/ros/humble /usr/bin/cmake --install /home/naiscorpjetsonorinnx/Desktop/robot_app/build/robot_app
[56.959s] Level 1:colcon.colcon_core.environment:create_environment_scripts_only(robot_app)
[56.960s] DEBUG:colcon.colcon_core.event_handler.log_command:Invoked command in '/home/naiscorpjetsonorinnx/Desktop/robot_app/build/robot_app' returned '0': CMAKE_PREFIX_PATH=${CMAKE_PREFIX_PATH}:/opt/ros/humble /usr/bin/cmake --install /home/naiscorpjetsonorinnx/Desktop/robot_app/build/robot_app
[56.967s] Level 1:colcon.colcon_core.environment:checking '/home/naiscorpjetsonorinnx/Desktop/robot_app/install/robot_app' for CMake module files
[56.969s] Level 1:colcon.colcon_core.environment:checking '/home/naiscorpjetsonorinnx/Desktop/robot_app/install/robot_app' for CMake config files
[56.970s] Level 1:colcon.colcon_core.shell:create_environment_hook('robot_app', 'cmake_prefix_path')
[56.971s] INFO:colcon.colcon_core.shell:Creating environment hook '/home/naiscorpjetsonorinnx/Desktop/robot_app/install/robot_app/share/robot_app/hook/cmake_prefix_path.ps1'
[56.973s] INFO:colcon.colcon_core.shell:Creating environment descriptor '/home/naiscorpjetsonorinnx/Desktop/robot_app/install/robot_app/share/robot_app/hook/cmake_prefix_path.dsv'
[56.975s] INFO:colcon.colcon_core.shell:Creating environment hook '/home/naiscorpjetsonorinnx/Desktop/robot_app/install/robot_app/share/robot_app/hook/cmake_prefix_path.sh'
[56.978s] Level 1:colcon.colcon_core.environment:checking '/home/naiscorpjetsonorinnx/Desktop/robot_app/install/robot_app/lib'
[56.979s] Level 1:colcon.colcon_core.environment:checking '/home/naiscorpjetsonorinnx/Desktop/robot_app/install/robot_app/bin'
[56.979s] Level 1:colcon.colcon_core.environment:checking '/home/naiscorpjetsonorinnx/Desktop/robot_app/install/robot_app/lib/pkgconfig/robot_app.pc'
[56.980s] Level 1:colcon.colcon_core.environment:checking '/home/naiscorpjetsonorinnx/Desktop/robot_app/install/robot_app/lib/python3.10/site-packages'
[56.981s] Level 1:colcon.colcon_core.environment:checking '/home/naiscorpjetsonorinnx/Desktop/robot_app/install/robot_app/bin'
[56.982s] INFO:colcon.colcon_core.shell:Creating package script '/home/naiscorpjetsonorinnx/Desktop/robot_app/install/robot_app/share/robot_app/package.ps1'
[56.985s] INFO:colcon.colcon_core.shell:Creating package descriptor '/home/naiscorpjetsonorinnx/Desktop/robot_app/install/robot_app/share/robot_app/package.dsv'
[56.988s] INFO:colcon.colcon_core.shell:Creating package script '/home/naiscorpjetsonorinnx/Desktop/robot_app/install/robot_app/share/robot_app/package.sh'
[56.991s] INFO:colcon.colcon_core.shell:Creating package script '/home/naiscorpjetsonorinnx/Desktop/robot_app/install/robot_app/share/robot_app/package.bash'
[56.994s] INFO:colcon.colcon_core.shell:Creating package script '/home/naiscorpjetsonorinnx/Desktop/robot_app/install/robot_app/share/robot_app/package.zsh'
[56.997s] Level 1:colcon.colcon_core.environment:create_file_with_runtime_dependencies(/home/naiscorpjetsonorinnx/Desktop/robot_app/install/robot_app/share/colcon-core/packages/robot_app)
[56.999s] Level 1:colcon.colcon_core.environment:create_environment_scripts_only(robot_app)
[56.999s] Level 1:colcon.colcon_core.environment:checking '/home/naiscorpjetsonorinnx/Desktop/robot_app/install/robot_app' for CMake module files
[57.000s] Level 1:colcon.colcon_core.environment:checking '/home/naiscorpjetsonorinnx/Desktop/robot_app/install/robot_app' for CMake config files
[57.001s] Level 1:colcon.colcon_core.shell:create_environment_hook('robot_app', 'cmake_prefix_path')
[57.002s] INFO:colcon.colcon_core.shell:Creating environment hook '/home/naiscorpjetsonorinnx/Desktop/robot_app/install/robot_app/share/robot_app/hook/cmake_prefix_path.ps1'
[57.003s] INFO:colcon.colcon_core.shell:Creating environment descriptor '/home/naiscorpjetsonorinnx/Desktop/robot_app/install/robot_app/share/robot_app/hook/cmake_prefix_path.dsv'
[57.004s] INFO:colcon.colcon_core.shell:Creating environment hook '/home/naiscorpjetsonorinnx/Desktop/robot_app/install/robot_app/share/robot_app/hook/cmake_prefix_path.sh'
[57.006s] Level 1:colcon.colcon_core.environment:checking '/home/naiscorpjetsonorinnx/Desktop/robot_app/install/robot_app/lib'
[57.006s] Level 1:colcon.colcon_core.environment:checking '/home/naiscorpjetsonorinnx/Desktop/robot_app/install/robot_app/bin'
[57.006s] Level 1:colcon.colcon_core.environment:checking '/home/naiscorpjetsonorinnx/Desktop/robot_app/install/robot_app/lib/pkgconfig/robot_app.pc'
[57.007s] Level 1:colcon.colcon_core.environment:checking '/home/naiscorpjetsonorinnx/Desktop/robot_app/install/robot_app/lib/python3.10/site-packages'
[57.008s] Level 1:colcon.colcon_core.environment:checking '/home/naiscorpjetsonorinnx/Desktop/robot_app/install/robot_app/bin'
[57.009s] INFO:colcon.colcon_core.shell:Creating package script '/home/naiscorpjetsonorinnx/Desktop/robot_app/install/robot_app/share/robot_app/package.ps1'
[57.010s] INFO:colcon.colcon_core.shell:Creating package descriptor '/home/naiscorpjetsonorinnx/Desktop/robot_app/install/robot_app/share/robot_app/package.dsv'
[57.011s] INFO:colcon.colcon_core.shell:Creating package script '/home/naiscorpjetsonorinnx/Desktop/robot_app/install/robot_app/share/robot_app/package.sh'
[57.013s] INFO:colcon.colcon_core.shell:Creating package script '/home/naiscorpjetsonorinnx/Desktop/robot_app/install/robot_app/share/robot_app/package.bash'
[57.014s] INFO:colcon.colcon_core.shell:Creating package script '/home/naiscorpjetsonorinnx/Desktop/robot_app/install/robot_app/share/robot_app/package.zsh'
[57.015s] Level 1:colcon.colcon_core.environment:create_file_with_runtime_dependencies(/home/naiscorpjetsonorinnx/Desktop/robot_app/install/robot_app/share/colcon-core/packages/robot_app)
[57.016s] DEBUG:colcon.colcon_parallel_executor.executor.parallel:closing loop
[57.018s] DEBUG:colcon.colcon_parallel_executor.executor.parallel:loop closed
[57.018s] DEBUG:colcon.colcon_parallel_executor.executor.parallel:run_until_complete finished with '0'
[57.018s] DEBUG:colcon.colcon_core.event_reactor:joining thread
[57.036s] INFO:colcon.colcon_core.plugin_system:Skipping extension 'colcon_notification.desktop_notification.terminal_notifier': Not used on non-Darwin systems
[57.036s] INFO:colcon.colcon_core.plugin_system:Skipping extension 'colcon_notification.desktop_notification.win32': Not used on non-Windows systems
[57.037s] INFO:colcon.colcon_notification.desktop_notification:Sending desktop notification using 'notify2'
[57.070s] DEBUG:colcon.colcon_core.event_reactor:joined thread
[57.071s] INFO:colcon.colcon_core.shell:Creating prefix script '/home/naiscorpjetsonorinnx/Desktop/robot_app/install/local_setup.ps1'
[57.075s] INFO:colcon.colcon_core.shell:Creating prefix util module '/home/naiscorpjetsonorinnx/Desktop/robot_app/install/_local_setup_util_ps1.py'
[57.080s] INFO:colcon.colcon_core.shell:Creating prefix chain script '/home/naiscorpjetsonorinnx/Desktop/robot_app/install/setup.ps1'
[57.085s] INFO:colcon.colcon_core.shell:Creating prefix script '/home/naiscorpjetsonorinnx/Desktop/robot_app/install/local_setup.sh'
[57.087s] INFO:colcon.colcon_core.shell:Creating prefix util module '/home/naiscorpjetsonorinnx/Desktop/robot_app/install/_local_setup_util_sh.py'
[57.089s] INFO:colcon.colcon_core.shell:Creating prefix chain script '/home/naiscorpjetsonorinnx/Desktop/robot_app/install/setup.sh'
[57.093s] INFO:colcon.colcon_core.shell:Creating prefix script '/home/naiscorpjetsonorinnx/Desktop/robot_app/install/local_setup.bash'
[57.094s] INFO:colcon.colcon_core.shell:Creating prefix chain script '/home/naiscorpjetsonorinnx/Desktop/robot_app/install/setup.bash'
[57.097s] INFO:colcon.colcon_core.shell:Creating prefix script '/home/naiscorpjetsonorinnx/Desktop/robot_app/install/local_setup.zsh'
[57.099s] INFO:colcon.colcon_core.shell:Creating prefix chain script '/home/naiscorpjetsonorinnx/Desktop/robot_app/install/setup.zsh'
