[0.183s] DEBUG:colcon:Command line arguments: ['/usr/bin/colcon', 'build']
[0.183s] DEBUG:colcon:Parsed command line arguments: Namespace(log_base=None, log_level=None, verb_name='build', build_base='build', install_base='install', merge_install=False, symlink_install=False, test_result_base=None, continue_on_error=False, executor='parallel', parallel_workers=8, event_handlers=None, ignore_user_meta=False, metas=['./colcon.meta'], base_paths=['.'], packages_ignore=None, packages_ignore_regex=None, paths=None, packages_up_to=None, packages_up_to_regex=None, packages_above=None, packages_above_and_dependencies=None, packages_above_depth=None, packages_select_by_dep=None, packages_skip_by_dep=None, packages_skip_up_to=None, packages_select_build_failed=False, packages_skip_build_finished=False, packages_select_test_failures=False, packages_skip_test_passed=False, packages_select=None, packages_skip=None, packages_select_regex=None, packages_skip_regex=None, packages_start=None, packages_end=None, allow_overriding=[], cmake_args=None, cmake_target=None, cmake_target_skip_unavailable=False, cmake_clean_cache=False, cmake_clean_first=False, cmake_force_configure=False, ament_cmake_args=None, catkin_cmake_args=None, catkin_skip_building_tests=False, mixin_files=None, mixin=None, verb_parser=<colcon_mixin.mixin.mixin_argument.MixinArgumentDecorator object at 0xffff9bd6aec0>, verb_extension=<colcon_core.verb.build.BuildVerb object at 0xffff9bd6a830>, main=<bound method BuildVerb.main of <colcon_core.verb.build.BuildVerb object at 0xffff9bd6a830>>, mixin_verb=('build',))
[0.490s] Level 1:colcon.colcon_core.package_discovery:discover_packages(colcon_meta) check parameters
[0.490s] Level 1:colcon.colcon_core.package_discovery:discover_packages(recursive) check parameters
[0.490s] Level 1:colcon.colcon_core.package_discovery:discover_packages(ignore) check parameters
[0.490s] Level 1:colcon.colcon_core.package_discovery:discover_packages(path) check parameters
[0.490s] Level 1:colcon.colcon_core.package_discovery:discover_packages(colcon_meta) discover
[0.490s] Level 1:colcon.colcon_core.package_discovery:discover_packages(recursive) discover
[0.490s] INFO:colcon.colcon_core.package_discovery:Crawling recursively for packages in '/home/naiscorpjetsonorinnx/Desktop/robot_app'
[0.491s] Level 1:colcon.colcon_core.package_identification:_identify(.) by extensions ['ignore', 'ignore_ament_install']
[0.491s] Level 1:colcon.colcon_core.package_identification:_identify(.) by extension 'ignore'
[0.491s] Level 1:colcon.colcon_core.package_identification:_identify(.) by extension 'ignore_ament_install'
[0.491s] Level 1:colcon.colcon_core.package_identification:_identify(.) by extensions ['colcon_pkg']
[0.491s] Level 1:colcon.colcon_core.package_identification:_identify(.) by extension 'colcon_pkg'
[0.491s] Level 1:colcon.colcon_core.package_identification:_identify(.) by extensions ['colcon_meta']
[0.491s] Level 1:colcon.colcon_core.package_identification:_identify(.) by extension 'colcon_meta'
[0.491s] Level 1:colcon.colcon_core.package_identification:_identify(.) by extensions ['ros']
[0.491s] Level 1:colcon.colcon_core.package_identification:_identify(.) by extension 'ros'
[0.513s] DEBUG:colcon.colcon_core.package_identification:Package '.' with type 'ros.ament_cmake' and name 'robot_app'
[0.513s] Level 1:colcon.colcon_core.package_discovery:discover_packages(recursive) using defaults
[0.513s] Level 1:colcon.colcon_core.package_discovery:discover_packages(ignore) discover
[0.514s] Level 1:colcon.colcon_core.package_discovery:discover_packages(ignore) using defaults
[0.514s] Level 1:colcon.colcon_core.package_discovery:discover_packages(path) discover
[0.514s] Level 1:colcon.colcon_core.package_discovery:discover_packages(path) using defaults
[0.574s] Level 1:colcon.colcon_core.package_discovery:discover_packages(prefix_path) check parameters
[0.574s] Level 1:colcon.colcon_core.package_discovery:discover_packages(prefix_path) discover
[0.578s] DEBUG:colcon.colcon_installed_package_information.package_discovery:Found 1 installed packages in /home/naiscorpjetsonorinnx/Desktop/robot_app/install
[0.580s] DEBUG:colcon.colcon_installed_package_information.package_discovery:Found 384 installed packages in /opt/ros/humble
[0.583s] Level 1:colcon.colcon_core.package_discovery:discover_packages(prefix_path) using defaults
[0.659s] Level 5:colcon.colcon_core.verb:set package 'robot_app' build argument 'cmake_args' from command line to 'None'
[0.660s] Level 5:colcon.colcon_core.verb:set package 'robot_app' build argument 'cmake_target' from command line to 'None'
[0.660s] Level 5:colcon.colcon_core.verb:set package 'robot_app' build argument 'cmake_target_skip_unavailable' from command line to 'False'
[0.660s] Level 5:colcon.colcon_core.verb:set package 'robot_app' build argument 'cmake_clean_cache' from command line to 'False'
[0.660s] Level 5:colcon.colcon_core.verb:set package 'robot_app' build argument 'cmake_clean_first' from command line to 'False'
[0.660s] Level 5:colcon.colcon_core.verb:set package 'robot_app' build argument 'cmake_force_configure' from command line to 'False'
[0.660s] Level 5:colcon.colcon_core.verb:set package 'robot_app' build argument 'ament_cmake_args' from command line to 'None'
[0.660s] Level 5:colcon.colcon_core.verb:set package 'robot_app' build argument 'catkin_cmake_args' from command line to 'None'
[0.660s] Level 5:colcon.colcon_core.verb:set package 'robot_app' build argument 'catkin_skip_building_tests' from command line to 'False'
[0.660s] DEBUG:colcon.colcon_core.verb:Building package 'robot_app' with the following arguments: {'ament_cmake_args': None, 'build_base': '/home/naiscorpjetsonorinnx/Desktop/robot_app/build/robot_app', 'catkin_cmake_args': None, 'catkin_skip_building_tests': False, 'cmake_args': None, 'cmake_clean_cache': False, 'cmake_clean_first': False, 'cmake_force_configure': False, 'cmake_target': None, 'cmake_target_skip_unavailable': False, 'install_base': '/home/naiscorpjetsonorinnx/Desktop/robot_app/install/robot_app', 'merge_install': False, 'path': '/home/naiscorpjetsonorinnx/Desktop/robot_app', 'symlink_install': False, 'test_result_base': None}
[0.661s] INFO:colcon.colcon_core.executor:Executing jobs using 'parallel' executor
[0.663s] DEBUG:colcon.colcon_parallel_executor.executor.parallel:run_until_complete
[0.664s] INFO:colcon.colcon_ros.task.ament_cmake.build:Building ROS package in '/home/naiscorpjetsonorinnx/Desktop/robot_app' with build type 'ament_cmake'
[0.664s] INFO:colcon.colcon_cmake.task.cmake.build:Building CMake package in '/home/naiscorpjetsonorinnx/Desktop/robot_app'
[0.668s] INFO:colcon.colcon_core.plugin_system:Skipping extension 'colcon_core.shell.bat': Not used on non-Windows systems
[0.668s] INFO:colcon.colcon_core.shell:Skip shell extension 'powershell' for command environment: Not usable outside of PowerShell
[0.668s] DEBUG:colcon.colcon_core.shell:Skip shell extension 'dsv' for command environment
[0.686s] DEBUG:colcon.colcon_core.event_handler.log_command:Invoking command in '/home/naiscorpjetsonorinnx/Desktop/robot_app/build/robot_app': CMAKE_PREFIX_PATH=${CMAKE_PREFIX_PATH}:/opt/ros/humble /usr/bin/cmake --build /home/naiscorpjetsonorinnx/Desktop/robot_app/build/robot_app -- -j8 -l8
[54.526s] DEBUG:colcon.colcon_core.event_handler.log_command:Invoked command in '/home/naiscorpjetsonorinnx/Desktop/robot_app/build/robot_app' returned '0': CMAKE_PREFIX_PATH=${CMAKE_PREFIX_PATH}:/opt/ros/humble /usr/bin/cmake --build /home/naiscorpjetsonorinnx/Desktop/robot_app/build/robot_app -- -j8 -l8
[54.549s] DEBUG:colcon.colcon_core.event_handler.log_command:Invoking command in '/home/naiscorpjetsonorinnx/Desktop/robot_app/build/robot_app': CMAKE_PREFIX_PATH=${CMAKE_PREFIX_PATH}:/opt/ros/humble /usr/bin/cmake --install /home/naiscorpjetsonorinnx/Desktop/robot_app/build/robot_app
[54.619s] Level 1:colcon.colcon_core.environment:create_environment_scripts_only(robot_app)
[54.621s] DEBUG:colcon.colcon_core.event_handler.log_command:Invoked command in '/home/naiscorpjetsonorinnx/Desktop/robot_app/build/robot_app' returned '0': CMAKE_PREFIX_PATH=${CMAKE_PREFIX_PATH}:/opt/ros/humble /usr/bin/cmake --install /home/naiscorpjetsonorinnx/Desktop/robot_app/build/robot_app
[54.629s] Level 1:colcon.colcon_core.environment:checking '/home/naiscorpjetsonorinnx/Desktop/robot_app/install/robot_app' for CMake module files
[54.631s] Level 1:colcon.colcon_core.environment:checking '/home/naiscorpjetsonorinnx/Desktop/robot_app/install/robot_app' for CMake config files
[54.632s] Level 1:colcon.colcon_core.shell:create_environment_hook('robot_app', 'cmake_prefix_path')
[54.633s] INFO:colcon.colcon_core.shell:Creating environment hook '/home/naiscorpjetsonorinnx/Desktop/robot_app/install/robot_app/share/robot_app/hook/cmake_prefix_path.ps1'
[54.636s] INFO:colcon.colcon_core.shell:Creating environment descriptor '/home/naiscorpjetsonorinnx/Desktop/robot_app/install/robot_app/share/robot_app/hook/cmake_prefix_path.dsv'
[54.637s] INFO:colcon.colcon_core.shell:Creating environment hook '/home/naiscorpjetsonorinnx/Desktop/robot_app/install/robot_app/share/robot_app/hook/cmake_prefix_path.sh'
[54.641s] Level 1:colcon.colcon_core.environment:checking '/home/naiscorpjetsonorinnx/Desktop/robot_app/install/robot_app/lib'
[54.641s] Level 1:colcon.colcon_core.environment:checking '/home/naiscorpjetsonorinnx/Desktop/robot_app/install/robot_app/bin'
[54.642s] Level 1:colcon.colcon_core.environment:checking '/home/naiscorpjetsonorinnx/Desktop/robot_app/install/robot_app/lib/pkgconfig/robot_app.pc'
[54.642s] Level 1:colcon.colcon_core.environment:checking '/home/naiscorpjetsonorinnx/Desktop/robot_app/install/robot_app/lib/python3.10/site-packages'
[54.643s] Level 1:colcon.colcon_core.environment:checking '/home/naiscorpjetsonorinnx/Desktop/robot_app/install/robot_app/bin'
[54.644s] INFO:colcon.colcon_core.shell:Creating package script '/home/naiscorpjetsonorinnx/Desktop/robot_app/install/robot_app/share/robot_app/package.ps1'
[54.647s] INFO:colcon.colcon_core.shell:Creating package descriptor '/home/naiscorpjetsonorinnx/Desktop/robot_app/install/robot_app/share/robot_app/package.dsv'
[54.649s] INFO:colcon.colcon_core.shell:Creating package script '/home/naiscorpjetsonorinnx/Desktop/robot_app/install/robot_app/share/robot_app/package.sh'
[54.652s] INFO:colcon.colcon_core.shell:Creating package script '/home/naiscorpjetsonorinnx/Desktop/robot_app/install/robot_app/share/robot_app/package.bash'
[54.655s] INFO:colcon.colcon_core.shell:Creating package script '/home/naiscorpjetsonorinnx/Desktop/robot_app/install/robot_app/share/robot_app/package.zsh'
[54.657s] Level 1:colcon.colcon_core.environment:create_file_with_runtime_dependencies(/home/naiscorpjetsonorinnx/Desktop/robot_app/install/robot_app/share/colcon-core/packages/robot_app)
[54.659s] Level 1:colcon.colcon_core.environment:create_environment_scripts_only(robot_app)
[54.660s] Level 1:colcon.colcon_core.environment:checking '/home/naiscorpjetsonorinnx/Desktop/robot_app/install/robot_app' for CMake module files
[54.662s] Level 1:colcon.colcon_core.environment:checking '/home/naiscorpjetsonorinnx/Desktop/robot_app/install/robot_app' for CMake config files
[54.664s] Level 1:colcon.colcon_core.shell:create_environment_hook('robot_app', 'cmake_prefix_path')
[54.664s] INFO:colcon.colcon_core.shell:Creating environment hook '/home/naiscorpjetsonorinnx/Desktop/robot_app/install/robot_app/share/robot_app/hook/cmake_prefix_path.ps1'
[54.666s] INFO:colcon.colcon_core.shell:Creating environment descriptor '/home/naiscorpjetsonorinnx/Desktop/robot_app/install/robot_app/share/robot_app/hook/cmake_prefix_path.dsv'
[54.667s] INFO:colcon.colcon_core.shell:Creating environment hook '/home/naiscorpjetsonorinnx/Desktop/robot_app/install/robot_app/share/robot_app/hook/cmake_prefix_path.sh'
[54.669s] Level 1:colcon.colcon_core.environment:checking '/home/naiscorpjetsonorinnx/Desktop/robot_app/install/robot_app/lib'
[54.670s] Level 1:colcon.colcon_core.environment:checking '/home/naiscorpjetsonorinnx/Desktop/robot_app/install/robot_app/bin'
[54.670s] Level 1:colcon.colcon_core.environment:checking '/home/naiscorpjetsonorinnx/Desktop/robot_app/install/robot_app/lib/pkgconfig/robot_app.pc'
[54.671s] Level 1:colcon.colcon_core.environment:checking '/home/naiscorpjetsonorinnx/Desktop/robot_app/install/robot_app/lib/python3.10/site-packages'
[54.671s] Level 1:colcon.colcon_core.environment:checking '/home/naiscorpjetsonorinnx/Desktop/robot_app/install/robot_app/bin'
[54.673s] INFO:colcon.colcon_core.shell:Creating package script '/home/naiscorpjetsonorinnx/Desktop/robot_app/install/robot_app/share/robot_app/package.ps1'
[54.674s] INFO:colcon.colcon_core.shell:Creating package descriptor '/home/naiscorpjetsonorinnx/Desktop/robot_app/install/robot_app/share/robot_app/package.dsv'
[54.676s] INFO:colcon.colcon_core.shell:Creating package script '/home/naiscorpjetsonorinnx/Desktop/robot_app/install/robot_app/share/robot_app/package.sh'
[54.678s] INFO:colcon.colcon_core.shell:Creating package script '/home/naiscorpjetsonorinnx/Desktop/robot_app/install/robot_app/share/robot_app/package.bash'
[54.679s] INFO:colcon.colcon_core.shell:Creating package script '/home/naiscorpjetsonorinnx/Desktop/robot_app/install/robot_app/share/robot_app/package.zsh'
[54.681s] Level 1:colcon.colcon_core.environment:create_file_with_runtime_dependencies(/home/naiscorpjetsonorinnx/Desktop/robot_app/install/robot_app/share/colcon-core/packages/robot_app)
[54.682s] DEBUG:colcon.colcon_parallel_executor.executor.parallel:closing loop
[54.684s] DEBUG:colcon.colcon_parallel_executor.executor.parallel:loop closed
[54.684s] DEBUG:colcon.colcon_parallel_executor.executor.parallel:run_until_complete finished with '0'
[54.684s] DEBUG:colcon.colcon_core.event_reactor:joining thread
[54.702s] INFO:colcon.colcon_core.plugin_system:Skipping extension 'colcon_notification.desktop_notification.terminal_notifier': Not used on non-Darwin systems
[54.703s] INFO:colcon.colcon_core.plugin_system:Skipping extension 'colcon_notification.desktop_notification.win32': Not used on non-Windows systems
[54.703s] INFO:colcon.colcon_notification.desktop_notification:Sending desktop notification using 'notify2'
[54.744s] DEBUG:colcon.colcon_core.event_reactor:joined thread
[54.745s] INFO:colcon.colcon_core.shell:Creating prefix script '/home/naiscorpjetsonorinnx/Desktop/robot_app/install/local_setup.ps1'
[54.749s] INFO:colcon.colcon_core.shell:Creating prefix util module '/home/naiscorpjetsonorinnx/Desktop/robot_app/install/_local_setup_util_ps1.py'
[54.754s] INFO:colcon.colcon_core.shell:Creating prefix chain script '/home/naiscorpjetsonorinnx/Desktop/robot_app/install/setup.ps1'
[54.758s] INFO:colcon.colcon_core.shell:Creating prefix script '/home/naiscorpjetsonorinnx/Desktop/robot_app/install/local_setup.sh'
[54.760s] INFO:colcon.colcon_core.shell:Creating prefix util module '/home/naiscorpjetsonorinnx/Desktop/robot_app/install/_local_setup_util_sh.py'
[54.763s] INFO:colcon.colcon_core.shell:Creating prefix chain script '/home/naiscorpjetsonorinnx/Desktop/robot_app/install/setup.sh'
[54.766s] INFO:colcon.colcon_core.shell:Creating prefix script '/home/naiscorpjetsonorinnx/Desktop/robot_app/install/local_setup.bash'
[54.768s] INFO:colcon.colcon_core.shell:Creating prefix chain script '/home/naiscorpjetsonorinnx/Desktop/robot_app/install/setup.bash'
[54.772s] INFO:colcon.colcon_core.shell:Creating prefix script '/home/naiscorpjetsonorinnx/Desktop/robot_app/install/local_setup.zsh'
[54.773s] INFO:colcon.colcon_core.shell:Creating prefix chain script '/home/naiscorpjetsonorinnx/Desktop/robot_app/install/setup.zsh'
