[0.187s] DEBUG:colcon:Command line arguments: ['/usr/bin/colcon', 'build']
[0.187s] DEBUG:colcon:Parsed command line arguments: Namespace(log_base=None, log_level=None, verb_name='build', build_base='build', install_base='install', merge_install=False, symlink_install=False, test_result_base=None, continue_on_error=False, executor='parallel', parallel_workers=8, event_handlers=None, ignore_user_meta=False, metas=['./colcon.meta'], base_paths=['.'], packages_ignore=None, packages_ignore_regex=None, paths=None, packages_up_to=None, packages_up_to_regex=None, packages_above=None, packages_above_and_dependencies=None, packages_above_depth=None, packages_select_by_dep=None, packages_skip_by_dep=None, packages_skip_up_to=None, packages_select_build_failed=False, packages_skip_build_finished=False, packages_select_test_failures=False, packages_skip_test_passed=False, packages_select=None, packages_skip=None, packages_select_regex=None, packages_skip_regex=None, packages_start=None, packages_end=None, allow_overriding=[], cmake_args=None, cmake_target=None, cmake_target_skip_unavailable=False, cmake_clean_cache=False, cmake_clean_first=False, cmake_force_configure=False, ament_cmake_args=None, catkin_cmake_args=None, catkin_skip_building_tests=False, mixin_files=None, mixin=None, verb_parser=<colcon_mixin.mixin.mixin_argument.MixinArgumentDecorator object at 0xffffbd94aec0>, verb_extension=<colcon_core.verb.build.BuildVerb object at 0xffffbd94a830>, main=<bound method BuildVerb.main of <colcon_core.verb.build.BuildVerb object at 0xffffbd94a830>>, mixin_verb=('build',))
[0.497s] Level 1:colcon.colcon_core.package_discovery:discover_packages(colcon_meta) check parameters
[0.497s] Level 1:colcon.colcon_core.package_discovery:discover_packages(recursive) check parameters
[0.497s] Level 1:colcon.colcon_core.package_discovery:discover_packages(ignore) check parameters
[0.497s] Level 1:colcon.colcon_core.package_discovery:discover_packages(path) check parameters
[0.497s] Level 1:colcon.colcon_core.package_discovery:discover_packages(colcon_meta) discover
[0.498s] Level 1:colcon.colcon_core.package_discovery:discover_packages(recursive) discover
[0.498s] INFO:colcon.colcon_core.package_discovery:Crawling recursively for packages in '/home/naiscorpjetsonorinnx/Desktop/robot_app'
[0.498s] Level 1:colcon.colcon_core.package_identification:_identify(.) by extensions ['ignore', 'ignore_ament_install']
[0.498s] Level 1:colcon.colcon_core.package_identification:_identify(.) by extension 'ignore'
[0.498s] Level 1:colcon.colcon_core.package_identification:_identify(.) by extension 'ignore_ament_install'
[0.498s] Level 1:colcon.colcon_core.package_identification:_identify(.) by extensions ['colcon_pkg']
[0.498s] Level 1:colcon.colcon_core.package_identification:_identify(.) by extension 'colcon_pkg'
[0.498s] Level 1:colcon.colcon_core.package_identification:_identify(.) by extensions ['colcon_meta']
[0.499s] Level 1:colcon.colcon_core.package_identification:_identify(.) by extension 'colcon_meta'
[0.499s] Level 1:colcon.colcon_core.package_identification:_identify(.) by extensions ['ros']
[0.499s] Level 1:colcon.colcon_core.package_identification:_identify(.) by extension 'ros'
[0.521s] DEBUG:colcon.colcon_core.package_identification:Package '.' with type 'ros.ament_cmake' and name 'robot_app'
[0.521s] Level 1:colcon.colcon_core.package_discovery:discover_packages(recursive) using defaults
[0.521s] Level 1:colcon.colcon_core.package_discovery:discover_packages(ignore) discover
[0.521s] Level 1:colcon.colcon_core.package_discovery:discover_packages(ignore) using defaults
[0.521s] Level 1:colcon.colcon_core.package_discovery:discover_packages(path) discover
[0.521s] Level 1:colcon.colcon_core.package_discovery:discover_packages(path) using defaults
[0.580s] Level 1:colcon.colcon_core.package_discovery:discover_packages(prefix_path) check parameters
[0.580s] Level 1:colcon.colcon_core.package_discovery:discover_packages(prefix_path) discover
[0.585s] DEBUG:colcon.colcon_installed_package_information.package_discovery:Found 384 installed packages in /opt/ros/humble
[0.587s] Level 1:colcon.colcon_core.package_discovery:discover_packages(prefix_path) using defaults
[0.663s] Level 5:colcon.colcon_core.verb:set package 'robot_app' build argument 'cmake_args' from command line to 'None'
[0.663s] Level 5:colcon.colcon_core.verb:set package 'robot_app' build argument 'cmake_target' from command line to 'None'
[0.663s] Level 5:colcon.colcon_core.verb:set package 'robot_app' build argument 'cmake_target_skip_unavailable' from command line to 'False'
[0.663s] Level 5:colcon.colcon_core.verb:set package 'robot_app' build argument 'cmake_clean_cache' from command line to 'False'
[0.663s] Level 5:colcon.colcon_core.verb:set package 'robot_app' build argument 'cmake_clean_first' from command line to 'False'
[0.663s] Level 5:colcon.colcon_core.verb:set package 'robot_app' build argument 'cmake_force_configure' from command line to 'False'
[0.663s] Level 5:colcon.colcon_core.verb:set package 'robot_app' build argument 'ament_cmake_args' from command line to 'None'
[0.663s] Level 5:colcon.colcon_core.verb:set package 'robot_app' build argument 'catkin_cmake_args' from command line to 'None'
[0.663s] Level 5:colcon.colcon_core.verb:set package 'robot_app' build argument 'catkin_skip_building_tests' from command line to 'False'
[0.663s] DEBUG:colcon.colcon_core.verb:Building package 'robot_app' with the following arguments: {'ament_cmake_args': None, 'build_base': '/home/naiscorpjetsonorinnx/Desktop/robot_app/build/robot_app', 'catkin_cmake_args': None, 'catkin_skip_building_tests': False, 'cmake_args': None, 'cmake_clean_cache': False, 'cmake_clean_first': False, 'cmake_force_configure': False, 'cmake_target': None, 'cmake_target_skip_unavailable': False, 'install_base': '/home/naiscorpjetsonorinnx/Desktop/robot_app/install/robot_app', 'merge_install': False, 'path': '/home/naiscorpjetsonorinnx/Desktop/robot_app', 'symlink_install': False, 'test_result_base': None}
[0.664s] INFO:colcon.colcon_core.executor:Executing jobs using 'parallel' executor
[0.666s] DEBUG:colcon.colcon_parallel_executor.executor.parallel:run_until_complete
[0.666s] INFO:colcon.colcon_ros.task.ament_cmake.build:Building ROS package in '/home/naiscorpjetsonorinnx/Desktop/robot_app' with build type 'ament_cmake'
[0.667s] INFO:colcon.colcon_cmake.task.cmake.build:Building CMake package in '/home/naiscorpjetsonorinnx/Desktop/robot_app'
[0.670s] INFO:colcon.colcon_core.plugin_system:Skipping extension 'colcon_core.shell.bat': Not used on non-Windows systems
[0.670s] INFO:colcon.colcon_core.shell:Skip shell extension 'powershell' for command environment: Not usable outside of PowerShell
[0.670s] DEBUG:colcon.colcon_core.shell:Skip shell extension 'dsv' for command environment
[0.686s] DEBUG:colcon.colcon_core.event_handler.log_command:Invoking command in '/home/naiscorpjetsonorinnx/Desktop/robot_app/build/robot_app': CMAKE_PREFIX_PATH=/opt/ros/humble /usr/bin/cmake --build /home/naiscorpjetsonorinnx/Desktop/robot_app/build/robot_app -- -j8 -l8
[15.238s] DEBUG:colcon.colcon_core.event_handler.log_command:Invoked command in '/home/naiscorpjetsonorinnx/Desktop/robot_app/build/robot_app' returned '0': CMAKE_PREFIX_PATH=/opt/ros/humble /usr/bin/cmake --build /home/naiscorpjetsonorinnx/Desktop/robot_app/build/robot_app -- -j8 -l8
[15.261s] DEBUG:colcon.colcon_core.event_handler.log_command:Invoking command in '/home/naiscorpjetsonorinnx/Desktop/robot_app/build/robot_app': CMAKE_PREFIX_PATH=/opt/ros/humble /usr/bin/cmake --install /home/naiscorpjetsonorinnx/Desktop/robot_app/build/robot_app
[15.326s] Level 1:colcon.colcon_core.environment:create_environment_scripts_only(robot_app)
[15.328s] DEBUG:colcon.colcon_core.event_handler.log_command:Invoked command in '/home/naiscorpjetsonorinnx/Desktop/robot_app/build/robot_app' returned '0': CMAKE_PREFIX_PATH=/opt/ros/humble /usr/bin/cmake --install /home/naiscorpjetsonorinnx/Desktop/robot_app/build/robot_app
[15.336s] Level 1:colcon.colcon_core.environment:checking '/home/naiscorpjetsonorinnx/Desktop/robot_app/install/robot_app' for CMake module files
[15.339s] Level 1:colcon.colcon_core.environment:checking '/home/naiscorpjetsonorinnx/Desktop/robot_app/install/robot_app' for CMake config files
[15.340s] Level 1:colcon.colcon_core.shell:create_environment_hook('robot_app', 'cmake_prefix_path')
[15.341s] INFO:colcon.colcon_core.shell:Creating environment hook '/home/naiscorpjetsonorinnx/Desktop/robot_app/install/robot_app/share/robot_app/hook/cmake_prefix_path.ps1'
[15.343s] INFO:colcon.colcon_core.shell:Creating environment descriptor '/home/naiscorpjetsonorinnx/Desktop/robot_app/install/robot_app/share/robot_app/hook/cmake_prefix_path.dsv'
[15.345s] INFO:colcon.colcon_core.shell:Creating environment hook '/home/naiscorpjetsonorinnx/Desktop/robot_app/install/robot_app/share/robot_app/hook/cmake_prefix_path.sh'
[15.348s] Level 1:colcon.colcon_core.environment:checking '/home/naiscorpjetsonorinnx/Desktop/robot_app/install/robot_app/lib'
[15.349s] Level 1:colcon.colcon_core.environment:checking '/home/naiscorpjetsonorinnx/Desktop/robot_app/install/robot_app/bin'
[15.349s] Level 1:colcon.colcon_core.environment:checking '/home/naiscorpjetsonorinnx/Desktop/robot_app/install/robot_app/lib/pkgconfig/robot_app.pc'
[15.350s] Level 1:colcon.colcon_core.environment:checking '/home/naiscorpjetsonorinnx/Desktop/robot_app/install/robot_app/lib/python3.10/site-packages'
[15.351s] Level 1:colcon.colcon_core.environment:checking '/home/naiscorpjetsonorinnx/Desktop/robot_app/install/robot_app/bin'
[15.352s] INFO:colcon.colcon_core.shell:Creating package script '/home/naiscorpjetsonorinnx/Desktop/robot_app/install/robot_app/share/robot_app/package.ps1'
[15.355s] INFO:colcon.colcon_core.shell:Creating package descriptor '/home/naiscorpjetsonorinnx/Desktop/robot_app/install/robot_app/share/robot_app/package.dsv'
[15.357s] INFO:colcon.colcon_core.shell:Creating package script '/home/naiscorpjetsonorinnx/Desktop/robot_app/install/robot_app/share/robot_app/package.sh'
[15.359s] INFO:colcon.colcon_core.shell:Creating package script '/home/naiscorpjetsonorinnx/Desktop/robot_app/install/robot_app/share/robot_app/package.bash'
[15.362s] INFO:colcon.colcon_core.shell:Creating package script '/home/naiscorpjetsonorinnx/Desktop/robot_app/install/robot_app/share/robot_app/package.zsh'
[15.364s] Level 1:colcon.colcon_core.environment:create_file_with_runtime_dependencies(/home/naiscorpjetsonorinnx/Desktop/robot_app/install/robot_app/share/colcon-core/packages/robot_app)
[15.367s] Level 1:colcon.colcon_core.environment:create_environment_scripts_only(robot_app)
[15.367s] Level 1:colcon.colcon_core.environment:checking '/home/naiscorpjetsonorinnx/Desktop/robot_app/install/robot_app' for CMake module files
[15.370s] Level 1:colcon.colcon_core.environment:checking '/home/naiscorpjetsonorinnx/Desktop/robot_app/install/robot_app' for CMake config files
[15.371s] Level 1:colcon.colcon_core.shell:create_environment_hook('robot_app', 'cmake_prefix_path')
[15.372s] INFO:colcon.colcon_core.shell:Creating environment hook '/home/naiscorpjetsonorinnx/Desktop/robot_app/install/robot_app/share/robot_app/hook/cmake_prefix_path.ps1'
[15.373s] INFO:colcon.colcon_core.shell:Creating environment descriptor '/home/naiscorpjetsonorinnx/Desktop/robot_app/install/robot_app/share/robot_app/hook/cmake_prefix_path.dsv'
[15.374s] INFO:colcon.colcon_core.shell:Creating environment hook '/home/naiscorpjetsonorinnx/Desktop/robot_app/install/robot_app/share/robot_app/hook/cmake_prefix_path.sh'
[15.376s] Level 1:colcon.colcon_core.environment:checking '/home/naiscorpjetsonorinnx/Desktop/robot_app/install/robot_app/lib'
[15.377s] Level 1:colcon.colcon_core.environment:checking '/home/naiscorpjetsonorinnx/Desktop/robot_app/install/robot_app/bin'
[15.377s] Level 1:colcon.colcon_core.environment:checking '/home/naiscorpjetsonorinnx/Desktop/robot_app/install/robot_app/lib/pkgconfig/robot_app.pc'
[15.378s] Level 1:colcon.colcon_core.environment:checking '/home/naiscorpjetsonorinnx/Desktop/robot_app/install/robot_app/lib/python3.10/site-packages'
[15.379s] Level 1:colcon.colcon_core.environment:checking '/home/naiscorpjetsonorinnx/Desktop/robot_app/install/robot_app/bin'
[15.380s] INFO:colcon.colcon_core.shell:Creating package script '/home/naiscorpjetsonorinnx/Desktop/robot_app/install/robot_app/share/robot_app/package.ps1'
[15.382s] INFO:colcon.colcon_core.shell:Creating package descriptor '/home/naiscorpjetsonorinnx/Desktop/robot_app/install/robot_app/share/robot_app/package.dsv'
[15.384s] INFO:colcon.colcon_core.shell:Creating package script '/home/naiscorpjetsonorinnx/Desktop/robot_app/install/robot_app/share/robot_app/package.sh'
[15.385s] INFO:colcon.colcon_core.shell:Creating package script '/home/naiscorpjetsonorinnx/Desktop/robot_app/install/robot_app/share/robot_app/package.bash'
[15.387s] INFO:colcon.colcon_core.shell:Creating package script '/home/naiscorpjetsonorinnx/Desktop/robot_app/install/robot_app/share/robot_app/package.zsh'
[15.389s] Level 1:colcon.colcon_core.environment:create_file_with_runtime_dependencies(/home/naiscorpjetsonorinnx/Desktop/robot_app/install/robot_app/share/colcon-core/packages/robot_app)
[15.390s] DEBUG:colcon.colcon_parallel_executor.executor.parallel:closing loop
[15.390s] DEBUG:colcon.colcon_parallel_executor.executor.parallel:loop closed
[15.391s] DEBUG:colcon.colcon_parallel_executor.executor.parallel:run_until_complete finished with '0'
[15.391s] DEBUG:colcon.colcon_core.event_reactor:joining thread
[15.408s] INFO:colcon.colcon_core.plugin_system:Skipping extension 'colcon_notification.desktop_notification.terminal_notifier': Not used on non-Darwin systems
[15.408s] INFO:colcon.colcon_core.plugin_system:Skipping extension 'colcon_notification.desktop_notification.win32': Not used on non-Windows systems
[15.408s] INFO:colcon.colcon_notification.desktop_notification:Sending desktop notification using 'notify2'
[15.439s] DEBUG:colcon.colcon_core.event_reactor:joined thread
[15.440s] INFO:colcon.colcon_core.shell:Creating prefix script '/home/naiscorpjetsonorinnx/Desktop/robot_app/install/local_setup.ps1'
[15.444s] INFO:colcon.colcon_core.shell:Creating prefix util module '/home/naiscorpjetsonorinnx/Desktop/robot_app/install/_local_setup_util_ps1.py'
[15.449s] INFO:colcon.colcon_core.shell:Creating prefix chain script '/home/naiscorpjetsonorinnx/Desktop/robot_app/install/setup.ps1'
[15.453s] INFO:colcon.colcon_core.shell:Creating prefix script '/home/naiscorpjetsonorinnx/Desktop/robot_app/install/local_setup.sh'
[15.456s] INFO:colcon.colcon_core.shell:Creating prefix util module '/home/naiscorpjetsonorinnx/Desktop/robot_app/install/_local_setup_util_sh.py'
[15.458s] INFO:colcon.colcon_core.shell:Creating prefix chain script '/home/naiscorpjetsonorinnx/Desktop/robot_app/install/setup.sh'
[15.461s] INFO:colcon.colcon_core.shell:Creating prefix script '/home/naiscorpjetsonorinnx/Desktop/robot_app/install/local_setup.bash'
[15.463s] INFO:colcon.colcon_core.shell:Creating prefix chain script '/home/naiscorpjetsonorinnx/Desktop/robot_app/install/setup.bash'
[15.466s] INFO:colcon.colcon_core.shell:Creating prefix script '/home/naiscorpjetsonorinnx/Desktop/robot_app/install/local_setup.zsh'
[15.468s] INFO:colcon.colcon_core.shell:Creating prefix chain script '/home/naiscorpjetsonorinnx/Desktop/robot_app/install/setup.zsh'
